<?xml version="1.0" encoding="UTF-8"?>
<testng-results ignored="0" total="1" passed="1" failed="0" skipped="0">
  <reporter-output>
  </reporter-output>
  <suite started-at="2023-01-23T19:54:47 IST" name="InetBankingV5" finished-at="2023-01-23T19:58:07 IST" duration-ms="200444">
    <groups>
    </groups>
    <test started-at="2023-01-23T19:54:47 IST" name="BankingApp Test" finished-at="2023-01-23T19:58:07 IST" duration-ms="200444">
      <class name="com.inetBanking.TestCases.TC_AddNewCustomerTest_002">
        <test-method is-config="true" signature="setup(java.lang.String)[pri:0, instance:com.inetBanking.TestCases.TC_AddNewCustomerTest_002@6b81ce95]" started-at="2023-01-23T19:54:48 IST" name="setup" finished-at="2023-01-23T19:56:27 IST" duration-ms="99615" status="PASS">
          <params>
            <param index="0">
              <value>
                <![CDATA[chrome]]>
              </value>
            </param>
          </params>
          <reporter-output>
          </reporter-output>
        </test-method> <!-- setup -->
        <test-method signature="NewCustomer()[pri:0, instance:com.inetBanking.TestCases.TC_AddNewCustomerTest_002@6b81ce95]" started-at="2023-01-23T19:56:27 IST" name="NewCustomer" finished-at="2023-01-23T19:57:55 IST" duration-ms="88073" status="PASS">
          <reporter-output>
          </reporter-output>
        </test-method> <!-- NewCustomer -->
        <test-method is-config="true" signature="teardown()[pri:0, instance:com.inetBanking.TestCases.TC_AddNewCustomerTest_002@6b81ce95]" started-at="2023-01-23T19:57:56 IST" name="teardown" finished-at="2023-01-23T19:58:07 IST" duration-ms="11682" status="PASS">
          <reporter-output>
          </reporter-output>
        </test-method> <!-- teardown -->
      </class> <!-- com.inetBanking.TestCases.TC_AddNewCustomerTest_002 -->
    </test> <!-- BankingApp Test -->
  </suite> <!-- InetBankingV5 -->
</testng-results>
